{"name": "test_hotel_search", "status": "broken", "statusDetails": {"message": "selenium.common.exceptions.TimeoutException: Message: \nStacktrace:\n#0 0x56a90f9b702a <unknown>\n#1 0x56a90f69d5e0 <unknown>\n#2 0x56a90f6ecbe8 <unknown>\n#3 0x56a90f6ece81 <unknown>\n#4 0x56a90f7338c4 <unknown>\n#5 0x56a90f711b4d <unknown>\n#6 0x56a90f730d7d <unknown>\n#7 0x56a90f7118c3 <unknown>\n#8 0x56a90f6df6b3 <unknown>\n#9 0x56a90f6e068e <unknown>\n#10 0x56a90f981a2b <unknown>\n#11 0x56a90f9859b1 <unknown>\n#12 0x56a90f96e225 <unknown>\n#13 0x56a90f986532 <unknown>\n#14 0x56a90f95338f <unknown>\n#15 0x56a90f9a5f28 <unknown>\n#16 0x56a90f9a60f3 <unknown>\n#17 0x56a90f9b5e7c <unknown>\n#18 0x762658a9ca94 <unknown>\n#19 0x762658b29c3c <unknown>", "trace": "self = <TestCases.test_hotel_page.Test_HotelSearch object at 0x7c552c04d3a0>\nsetup = <selenium.webdriver.chrome.webdriver.WebDriver (session=\"3606a751e1d44440a82a9a4f74d424bf\")>\n\n    @pytest.mark.sanity\n    def test_hotel_search(self, setup):\n        # Initialize the page object and log the start of the test\n        self.log.info(\"Starting test_hotel_search\")\n        self.hotel_page = HOTELTRAVEL(setup)\n    \n        # Load the page\n        self.log.info(\"Loading the hotel booking page\")\n        self.hotel_page.load_page()\n    \n        # Select the hotel search dropdown and type \"Barcelona\"\n        self.log.info(\"Selecting hotel search and entering 'Barcelona'\")\n        self.hotel_page.select_hotel()\n        self.hotel_page.type_hotel(\"Barcelona\")\n        self.hotel_page.click_select_hotel()\n    \n        # Select the check-in and check-out dates\n        self.log.info(\"Selecting check-in and check-out dates\")\n        check_in_date = datetime(2024, 3, 1)\n        check_out_date = check_in_date + timedelta(days=20)\n    \n        self.hotel_page.select_check_in()\n        self.hotel_page.date_in(check_in_date.strftime(\"%m/%d/%Y\"))\n        self.hotel_page.select_check_out()\n        self.hotel_page.date_out(check_out_date.strftime(\"%m/%d/%Y\"))\n    \n        # Submit the hotel search\n        self.log.info(\"Submitting the hotel search form\")\n>       self.hotel_page.click_submit()\n\nTestCases/test_hotel_page.py:39: \n_ _ _ _ _ _ _ _ _ _ _ _ _ _ _ _ _ _ _ _ _ _ _ _ _ _ _ _ _ _ _ _ _ _ _ _ _ _ _ _ _ _ _ _ _ _ _ _ _ _ _ _ _ _ _ _ _ _ _ _ _ _ _ _ _ _ _ _ _ _ _ _ _ _ _ _ _ _ _ _ _ _ _ _ _\npages/hotel_page.py:53: in click_submit\n    submit_button = self.wait.until(EC.element_to_be_clickable(self.BUTTON_SUBMIT))\n_ _ _ _ _ _ _ _ _ _ _ _ _ _ _ _ _ _ _ _ _ _ _ _ _ _ _ _ _ _ _ _ _ _ _ _ _ _ _ _ _ _ _ _ _ _ _ _ _ _ _ _ _ _ _ _ _ _ _ _ _ _ _ _ _ _ _ _ _ _ _ _ _ _ _ _ _ _ _ _ _ _ _ _ _\n\nself = <selenium.webdriver.support.wait.WebDriverWait (session=\"3606a751e1d44440a82a9a4f74d424bf\")>\nmethod = <function element_to_be_clickable.<locals>._predicate at 0x7c5527f828b0>, message = ''\n\n    def until(self, method: Callable[[D], Union[Literal[False], T]], message: str = \"\") -> T:\n        \"\"\"Calls the method provided with the driver as an argument until the \\\n        return value does not evaluate to ``False``.\n    \n        :param method: callable(WebDriver)\n        :param message: optional message for :exc:`TimeoutException`\n        :returns: the result of the last call to `method`\n        :raises: :exc:`selenium.common.exceptions.TimeoutException` if timeout occurs\n        \"\"\"\n        screen = None\n        stacktrace = None\n    \n        end_time = time.monotonic() + self._timeout\n        while True:\n            try:\n                value = method(self._driver)\n                if value:\n                    return value\n            except self._ignored_exceptions as exc:\n                screen = getattr(exc, \"screen\", None)\n                stacktrace = getattr(exc, \"stacktrace\", None)\n            time.sleep(self._poll)\n            if time.monotonic() > end_time:\n                break\n>       raise TimeoutException(message, screen, stacktrace)\nE       selenium.common.exceptions.TimeoutException: Message: \nE       Stacktrace:\nE       #0 0x56a90f9b702a <unknown>\nE       #1 0x56a90f69d5e0 <unknown>\nE       #2 0x56a90f6ecbe8 <unknown>\nE       #3 0x56a90f6ece81 <unknown>\nE       #4 0x56a90f7338c4 <unknown>\nE       #5 0x56a90f711b4d <unknown>\nE       #6 0x56a90f730d7d <unknown>\nE       #7 0x56a90f7118c3 <unknown>\nE       #8 0x56a90f6df6b3 <unknown>\nE       #9 0x56a90f6e068e <unknown>\nE       #10 0x56a90f981a2b <unknown>\nE       #11 0x56a90f9859b1 <unknown>\nE       #12 0x56a90f96e225 <unknown>\nE       #13 0x56a90f986532 <unknown>\nE       #14 0x56a90f95338f <unknown>\nE       #15 0x56a90f9a5f28 <unknown>\nE       #16 0x56a90f9a60f3 <unknown>\nE       #17 0x56a90f9b5e7c <unknown>\nE       #18 0x762658a9ca94 <unknown>\nE       #19 0x762658b29c3c <unknown>\n\n../../../anaconda3/lib/python3.9/site-packages/selenium/webdriver/support/wait.py:105: TimeoutException"}, "attachments": [{"name": "log", "source": "c581c5ff-58e2-4cc4-baba-d5678847136b-attachment.txt", "type": "text/plain"}], "start": 1729073901843, "stop": 1729073921535, "uuid": "555310d4-d576-4215-b666-35fc6c7565dc", "historyId": "861bfe5573625000ba49b05b31a87f47", "testCaseId": "861bfe5573625000ba49b05b31a87f47", "fullName": "TestCases.test_hotel_page.Test_HotelSearch#test_hotel_search", "labels": [{"name": "tag", "value": "sanity"}, {"name": "parentSuite", "value": "TestCases"}, {"name": "suite", "value": "test_hotel_page"}, {"name": "subSuite", "value": "Test_HotelSearch"}, {"name": "host", "value": "nsl42"}, {"name": "thread", "value": "25886-MainThread"}, {"name": "framework", "value": "pytest"}, {"name": "language", "value": "cpython3"}, {"name": "package", "value": "TestCases.test_hotel_page"}]}