{"name": "test_hotel_search", "status": "broken", "statusDetails": {"message": "selenium.common.exceptions.NoSuchElementException: Message: no such element: Unable to locate element: {\"method\":\"css selector\",\"selector\":\".select2-search__field\"}\n  (Session info: chrome=129.0.6668.70); For documentation on this error, please visit: https://www.selenium.dev/documentation/webdriver/troubleshooting/errors#no-such-element-exception\nStacktrace:\n#0 0x580ea3e8e02a <unknown>\n#1 0x580ea3b745e0 <unknown>\n#2 0x580ea3bc3be8 <unknown>\n#3 0x580ea3bc3e81 <unknown>\n#4 0x580ea3c0a8c4 <unknown>\n#5 0x580ea3be8b4d <unknown>\n#6 0x580ea3c07d7d <unknown>\n#7 0x580ea3be88c3 <unknown>\n#8 0x580ea3bb66b3 <unknown>\n#9 0x580ea3bb768e <unknown>\n#10 0x580ea3e58a2b <unknown>\n#11 0x580ea3e5c9b1 <unknown>\n#12 0x580ea3e45225 <unknown>\n#13 0x580ea3e5d532 <unknown>\n#14 0x580ea3e2a38f <unknown>\n#15 0x580ea3e7cf28 <unknown>\n#16 0x580ea3e7d0f3 <unknown>\n#17 0x580ea3e8ce7c <unknown>\n#18 0x7c883689ca94 <unknown>\n#19 0x7c8836929c3c <unknown>", "trace": "self = <TestCases.test_hotel_page.Test_HotelSearch object at 0x7b6e739d7070>\nsetup = <selenium.webdriver.chrome.webdriver.WebDriver (session=\"20302ec84a4109c9d8549e3254a8ccad\")>\n\n    @pytest.mark.sanity\n    def test_hotel_search(self, setup):\n        # Initialize the page object and log the start of the test\n        self.log.info(\"Starting test_hotel_search\")\n        self.hotel_page = HOTELTRAVEL(setup)\n    \n        # Load the page\n        self.log.info(\"Loading the hotel booking page\")\n        self.hotel_page.load_page()\n    \n        # Select the hotel search dropdown and type \"Barcelona\"\n        self.log.info(\"Selecting hotel search and entering 'Barcelona'\")\n        self.hotel_page.select_hotel()\n        self.hotel_page.type_hotel(\"Dubai\")\n>       self.hotel_page.click_select_hotel()\n\nTestCases/test_hotel_page.py:25: \n_ _ _ _ _ _ _ _ _ _ _ _ _ _ _ _ _ _ _ _ _ _ _ _ _ _ _ _ _ _ _ _ _ _ _ _ _ _ _ _ _ _ _ _ _ _ _ _ _ _ _ _ _ _ _ _ _ _ _ _ _ _ _ _ _ _ _ _ _ _ _ _ _ _ _ _ _ _ _ _ _ _ _ _ _\npages/hotel_page.py:40: in click_select_hotel\n    self.browser.find_element(*self.SEARCH_HOTEL).send_keys(Keys.ENTER)\n../../../anaconda3/lib/python3.9/site-packages/selenium/webdriver/remote/webdriver.py:741: in find_element\n    return self.execute(Command.FIND_ELEMENT, {\"using\": by, \"value\": value})[\"value\"]\n../../../anaconda3/lib/python3.9/site-packages/selenium/webdriver/remote/webdriver.py:347: in execute\n    self.error_handler.check_response(response)\n_ _ _ _ _ _ _ _ _ _ _ _ _ _ _ _ _ _ _ _ _ _ _ _ _ _ _ _ _ _ _ _ _ _ _ _ _ _ _ _ _ _ _ _ _ _ _ _ _ _ _ _ _ _ _ _ _ _ _ _ _ _ _ _ _ _ _ _ _ _ _ _ _ _ _ _ _ _ _ _ _ _ _ _ _\n\nself = <selenium.webdriver.remote.errorhandler.ErrorHandler object at 0x7b6e738216d0>\nresponse = {'status': 404, 'value': '{\"value\":{\"error\":\"no such element\",\"message\":\"no such element: Unable to locate element: {\\...\\\\n#17 0x580ea3e8ce7c \\\\u003Cunknown>\\\\n#18 0x7c883689ca94 \\\\u003Cunknown>\\\\n#19 0x7c8836929c3c \\\\u003Cunknown>\\\\n\"}}'}\n\n    def check_response(self, response: Dict[str, Any]) -> None:\n        \"\"\"Checks that a JSON response from the WebDriver does not have an\n        error.\n    \n        :Args:\n         - response - The JSON response from the WebDriver server as a dictionary\n           object.\n    \n        :Raises: If the response contains an error message.\n        \"\"\"\n        status = response.get(\"status\", None)\n        if not status or status == ErrorCode.SUCCESS:\n            return\n        value = None\n        message = response.get(\"message\", \"\")\n        screen: str = response.get(\"screen\", \"\")\n        stacktrace = None\n        if isinstance(status, int):\n            value_json = response.get(\"value\", None)\n            if value_json and isinstance(value_json, str):\n                import json\n    \n                try:\n                    value = json.loads(value_json)\n                    if len(value) == 1:\n                        value = value[\"value\"]\n                    status = value.get(\"error\", None)\n                    if not status:\n                        status = value.get(\"status\", ErrorCode.UNKNOWN_ERROR)\n                        message = value.get(\"value\") or value.get(\"message\")\n                        if not isinstance(message, str):\n                            value = message\n                            message = message.get(\"message\")\n                    else:\n                        message = value.get(\"message\", None)\n                except ValueError:\n                    pass\n    \n        exception_class: Type[WebDriverException]\n        e = ErrorCode()\n        error_codes = [item for item in dir(e) if not item.startswith(\"__\")]\n        for error_code in error_codes:\n            error_info = getattr(ErrorCode, error_code)\n            if isinstance(error_info, list) and status in error_info:\n                exception_class = getattr(ExceptionMapping, error_code, WebDriverException)\n                break\n        else:\n            exception_class = WebDriverException\n    \n        if not value:\n            value = response[\"value\"]\n        if isinstance(value, str):\n            raise exception_class(value)\n        if message == \"\" and \"message\" in value:\n            message = value[\"message\"]\n    \n        screen = None  # type: ignore[assignment]\n        if \"screen\" in value:\n            screen = value[\"screen\"]\n    \n        stacktrace = None\n        st_value = value.get(\"stackTrace\") or value.get(\"stacktrace\")\n        if st_value:\n            if isinstance(st_value, str):\n                stacktrace = st_value.split(\"\\n\")\n            else:\n                stacktrace = []\n                try:\n                    for frame in st_value:\n                        line = frame.get(\"lineNumber\", \"\")\n                        file = frame.get(\"fileName\", \"<anonymous>\")\n                        if line:\n                            file = f\"{file}:{line}\"\n                        meth = frame.get(\"methodName\", \"<anonymous>\")\n                        if \"className\" in frame:\n                            meth = f\"{frame['className']}.{meth}\"\n                        msg = \"    at %s (%s)\"\n                        msg = msg % (meth, file)\n                        stacktrace.append(msg)\n                except TypeError:\n                    pass\n        if exception_class == UnexpectedAlertPresentException:\n            alert_text = None\n            if \"data\" in value:\n                alert_text = value[\"data\"].get(\"text\")\n            elif \"alert\" in value:\n                alert_text = value[\"alert\"].get(\"text\")\n            raise exception_class(message, screen, stacktrace, alert_text)  # type: ignore[call-arg]  # mypy is not smart enough here\n>       raise exception_class(message, screen, stacktrace)\nE       selenium.common.exceptions.NoSuchElementException: Message: no such element: Unable to locate element: {\"method\":\"css selector\",\"selector\":\".select2-search__field\"}\nE         (Session info: chrome=129.0.6668.70); For documentation on this error, please visit: https://www.selenium.dev/documentation/webdriver/troubleshooting/errors#no-such-element-exception\nE       Stacktrace:\nE       #0 0x580ea3e8e02a <unknown>\nE       #1 0x580ea3b745e0 <unknown>\nE       #2 0x580ea3bc3be8 <unknown>\nE       #3 0x580ea3bc3e81 <unknown>\nE       #4 0x580ea3c0a8c4 <unknown>\nE       #5 0x580ea3be8b4d <unknown>\nE       #6 0x580ea3c07d7d <unknown>\nE       #7 0x580ea3be88c3 <unknown>\nE       #8 0x580ea3bb66b3 <unknown>\nE       #9 0x580ea3bb768e <unknown>\nE       #10 0x580ea3e58a2b <unknown>\nE       #11 0x580ea3e5c9b1 <unknown>\nE       #12 0x580ea3e45225 <unknown>\nE       #13 0x580ea3e5d532 <unknown>\nE       #14 0x580ea3e2a38f <unknown>\nE       #15 0x580ea3e7cf28 <unknown>\nE       #16 0x580ea3e7d0f3 <unknown>\nE       #17 0x580ea3e8ce7c <unknown>\nE       #18 0x7c883689ca94 <unknown>\nE       #19 0x7c8836929c3c <unknown>\n\n../../../anaconda3/lib/python3.9/site-packages/selenium/webdriver/remote/errorhandler.py:229: NoSuchElementException"}, "attachments": [{"name": "log", "source": "b93b78a9-8e13-48b7-a885-06912679505b-attachment.txt", "type": "text/plain"}, {"name": "stdout", "source": "4824e2d3-fb9c-4eb9-b541-79b1af2660df-attachment.txt", "type": "text/plain"}], "start": 1729080604845, "stop": 1729080640935, "uuid": "e6852f8c-9e1e-4765-8477-50a10df95c14", "historyId": "861bfe5573625000ba49b05b31a87f47", "testCaseId": "861bfe5573625000ba49b05b31a87f47", "fullName": "TestCases.test_hotel_page.Test_HotelSearch#test_hotel_search", "labels": [{"name": "tag", "value": "sanity"}, {"name": "parentSuite", "value": "TestCases"}, {"name": "suite", "value": "test_hotel_page"}, {"name": "subSuite", "value": "Test_HotelSearch"}, {"name": "host", "value": "nsl42"}, {"name": "thread", "value": "59122-MainThread"}, {"name": "framework", "value": "pytest"}, {"name": "language", "value": "cpython3"}, {"name": "package", "value": "TestCases.test_hotel_page"}]}