{"name": "test_Add_User_001", "status": "broken", "statusDetails": {"message": "selenium.common.exceptions.TimeoutException: Message: \nStacktrace:\n#0 0x65236a89502a <unknown>\n#1 0x65236a57b5e0 <unknown>\n#2 0x65236a5cabe8 <unknown>\n#3 0x65236a5cae81 <unknown>\n#4 0x65236a6118c4 <unknown>\n#5 0x65236a5efb4d <unknown>\n#6 0x65236a60ed7d <unknown>\n#7 0x65236a5ef8c3 <unknown>\n#8 0x65236a5bd6b3 <unknown>\n#9 0x65236a5be68e <unknown>\n#10 0x65236a85fa2b <unknown>\n#11 0x65236a8639b1 <unknown>\n#12 0x65236a84c225 <unknown>\n#13 0x65236a864532 <unknown>\n#14 0x65236a83138f <unknown>\n#15 0x65236a883f28 <unknown>\n#16 0x65236a8840f3 <unknown>\n#17 0x65236a893e7c <unknown>\n#18 0x70817409ca94 <unknown>\n#19 0x708174129c3c <unknown>", "trace": "self = <TestCases.test_Add_User.Test_Add_User object at 0x7ab7d8489a90>\nsetup = <selenium.webdriver.chrome.webdriver.WebDriver (session=\"432dd8faeb85fef201ed7ea8eee0886a\")>\n\n    @pytest.mark.sanity\n    def test_Add_User_001(self, setup):\n        self.driver = setup\n        self.log = LogGenerator.log_gen()\n        self.lp = LoginPage(self.driver)\n        self.au = Add_User(self.driver)\n    \n        self.log.info(\"Starting test_Add_User_001\")\n        self.log.info(\"Launching Browser\")\n        self.driver.get(self.url)\n        self.log.info(\"Going to this URL-->\" + self.url)\n        self.lp.enter_email(self.email)\n        self.log.info(\"Entering Email-->\" + self.email)\n        self.lp.enter_pwd(self.pwd)\n        self.log.info(\"Entering Password-->\" + self.pwd)\n        self.lp.click_login_button()\n        self.log.info(\"Clicking on Login Button\")\n    \n        self.au.click_users_dropdown()\n        self.log.info(\"Clicking on Users Dropdown\")\n        self.au.click_all_users_option()\n        self.log.info(\"Clicking on All Users Option\")\n        self.au.click_add_button()\n        self.log.info(\"Clicking on Add Button\")\n        self.au.dropdown_status()\n        self.log.info(\"Choosing 'Enabled' on status Dropdown\")\n        self.au.enter_firstname(\"Rahul\")\n        self.log.info(\"Entering User's FirstName\")\n        self.au.enter_lastname(\"Dravid\")\n        self.log.info(\"Entering User's LastName\")\n        self.au.enter_email(\"RahulDravid@phptravels.com\")\n        self.log.info(\"Entering User's EmailID\")\n        self.au.enter_password(\"admin\")\n        self.log.info(\"Entering User's Password\")\n        self.au.enter_phone(\"6265787990\")\n        self.log.info(\"Entering User's Phone Number\")\n        self.au.dropdown_usertype()\n        self.log.info(\"Choosing 'Admin' on UserType Dropdown\")\n        self.au.dropdown_currency()\n        self.log.info(\"Choosing 'USD' on Currency Dropdown\")\n        self.au.click_save()\n        self.log.info(\"Clicking on save Button\")\n    \n>       if self.au.save_status_check():\n\nTestCases/test_Add_User.py:58: \n_ _ _ _ _ _ _ _ _ _ _ _ _ _ _ _ _ _ _ _ _ _ _ _ _ _ _ _ _ _ _ _ _ _ _ _ _ _ _ _ _ _ _ _ _ _ _ _ _ _ _ _ _ _ _ _ _ _ _ _ _ _ _ _ _ _ _ _ _ _ _ _ _ _ _ _ _ _ _ _ _ _ _ _ _\npages/Add_User_POM.py:103: in save_status_check\n    ele = self.wait.until(ec.presence_of_element_located(Add_User.text_save_status_check_CSS))\n_ _ _ _ _ _ _ _ _ _ _ _ _ _ _ _ _ _ _ _ _ _ _ _ _ _ _ _ _ _ _ _ _ _ _ _ _ _ _ _ _ _ _ _ _ _ _ _ _ _ _ _ _ _ _ _ _ _ _ _ _ _ _ _ _ _ _ _ _ _ _ _ _ _ _ _ _ _ _ _ _ _ _ _ _\n\nself = <selenium.webdriver.support.wait.WebDriverWait (session=\"432dd8faeb85fef201ed7ea8eee0886a\")>\nmethod = <function presence_of_element_located.<locals>._predicate at 0x7ab7d4101940>, message = ''\n\n    def until(self, method: Callable[[D], Union[Literal[False], T]], message: str = \"\") -> T:\n        \"\"\"Calls the method provided with the driver as an argument until the \\\n        return value does not evaluate to ``False``.\n    \n        :param method: callable(WebDriver)\n        :param message: optional message for :exc:`TimeoutException`\n        :returns: the result of the last call to `method`\n        :raises: :exc:`selenium.common.exceptions.TimeoutException` if timeout occurs\n        \"\"\"\n        screen = None\n        stacktrace = None\n    \n        end_time = time.monotonic() + self._timeout\n        while True:\n            try:\n                value = method(self._driver)\n                if value:\n                    return value\n            except self._ignored_exceptions as exc:\n                screen = getattr(exc, \"screen\", None)\n                stacktrace = getattr(exc, \"stacktrace\", None)\n            time.sleep(self._poll)\n            if time.monotonic() > end_time:\n                break\n>       raise TimeoutException(message, screen, stacktrace)\nE       selenium.common.exceptions.TimeoutException: Message: \nE       Stacktrace:\nE       #0 0x65236a89502a <unknown>\nE       #1 0x65236a57b5e0 <unknown>\nE       #2 0x65236a5cabe8 <unknown>\nE       #3 0x65236a5cae81 <unknown>\nE       #4 0x65236a6118c4 <unknown>\nE       #5 0x65236a5efb4d <unknown>\nE       #6 0x65236a60ed7d <unknown>\nE       #7 0x65236a5ef8c3 <unknown>\nE       #8 0x65236a5bd6b3 <unknown>\nE       #9 0x65236a5be68e <unknown>\nE       #10 0x65236a85fa2b <unknown>\nE       #11 0x65236a8639b1 <unknown>\nE       #12 0x65236a84c225 <unknown>\nE       #13 0x65236a864532 <unknown>\nE       #14 0x65236a83138f <unknown>\nE       #15 0x65236a883f28 <unknown>\nE       #16 0x65236a8840f3 <unknown>\nE       #17 0x65236a893e7c <unknown>\nE       #18 0x70817409ca94 <unknown>\nE       #19 0x708174129c3c <unknown>\n\n../../../anaconda3/lib/python3.9/site-packages/selenium/webdriver/support/wait.py:105: TimeoutException"}, "attachments": [{"name": "log", "source": "ee66a7af-d415-4df8-8c00-d6c8e3e28a53-attachment.txt", "type": "text/plain"}], "start": 1729079070283, "stop": 1729079086323, "uuid": "0454163f-716b-4ec0-b4f5-bcf6565b2029", "historyId": "b95f26efa5da2d61bda7dc3ef427218c", "testCaseId": "b95f26efa5da2d61bda7dc3ef427218c", "fullName": "TestCases.test_Add_User.Test_Add_User#test_Add_User_001", "labels": [{"name": "tag", "value": "sanity"}, {"name": "parentSuite", "value": "TestCases"}, {"name": "suite", "value": "test_Add_User"}, {"name": "subSuite", "value": "Test_Add_User"}, {"name": "host", "value": "nsl42"}, {"name": "thread", "value": "42121-MainThread"}, {"name": "framework", "value": "pytest"}, {"name": "language", "value": "cpython3"}, {"name": "package", "value": "TestCases.test_Add_User"}]}