{"content": {"suites": {"0": {"status": {"total_pass": 0, "total_skip": 0, "total_xpass": 0, "total_xfail": 0, "total_rerun": 0, "total_fail": 1, "total_error": 0}, "tests": {"0": {"status": "FAIL", "message": "   selenium.common.exceptions.TimeoutException: Message: \n   Stacktrace:\n   #0 0x63031914a02a <unknown>\n   #1 0x630318e305e0 <unknown>\n   #2 0x630318e7fbe8 <unknown>\n   #3 0x630318e7fe81 <unknown>\n   #4 0x630318ec68c4 <unknown>\n   #5 0x630318ea4b4d <unknown>\n   #6 0x630318ec3d7d <unknown>\n   #7 0x630318ea48c3 <unknown>\n   #8 0x630318e726b3 <unknown>\n   #9 0x630318e7368e <unknown>\n   #10 0x630319114a2b <unknown>\n   #11 0x6303191189b1 <unknown>\n   #12 0x630319101225 <unknown>\n   #13 0x630319119532 <unknown>\n   #14 0x6303190e638f <unknown>\n   #15 0x630319138f28 <unknown>\n   #16 0x6303191390f3 <unknown>\n   #17 0x630319148e7c <unknown>\n   #18 0x70a396e9ca94 <unknown>\n   #19 0x70a396f29c3c <unknown>\n", "test_name": "test_Add_User_001", "rerun": "0"}}, "suite_name": "TestCases/test_Add_User.py"}, "1": {"suite_name": "TestCases/test_Login.py", "tests": {"0": {"status": "PASS", "message": "", "test_name": "test_PageTitle_001", "rerun": "0"}, "1": {"status": "PASS", "message": "", "test_name": "test_login_001", "rerun": "0"}}, "status": {"total_pass": 2, "total_skip": 0, "total_xpass": 0, "total_xfail": 0, "total_rerun": 0, "total_fail": 0, "total_error": 0}}, "2": {"suite_name": "TestCases/test_Login_DDT.py", "tests": {"0": {"status": "PASS", "message": "", "test_name": "test_login_ddt_001", "rerun": "0"}}, "status": {"total_pass": 1, "total_skip": 0, "total_xpass": 0, "total_xfail": 0, "total_rerun": 0, "total_fail": 0, "total_error": 0}}, "3": {"suite_name": "TestCases/test_Login_Params.py", "tests": {"0": {"status": "PASS", "message": "", "test_name": "test_login_param_001[getDataForLogin0]", "rerun": "0"}, "1": {"status": "PASS", "message": "", "test_name": "test_login_param_001[getDataForLogin1]", "rerun": "0"}, "2": {"status": "PASS", "message": "", "test_name": "test_login_param_001[getDataForLogin2]", "rerun": "0"}, "3": {"status": "PASS", "message": "", "test_name": "test_login_param_001[getDataForLogin3]", "rerun": "0"}}, "status": {"total_pass": 4, "total_skip": 0, "total_xpass": 0, "total_xfail": 0, "total_rerun": 0, "total_fail": 0, "total_error": 0}}, "4": {"suite_name": "TestCases/test_hotel_page.py", "tests": {"0": {"status": "FAIL", "message": "   selenium.common.exceptions.NoSuchElementException: Message: no such element: Unable to locate element: {\"method\":\"css selector\",\"selector\":\".select2-search__field\"}\n     (Session info: chrome=129.0.6668.70); For documentation on this error, please visit: https://www.selenium.dev/documentation/webdriver/troubleshooting/errors#no-such-element-exception\n   Stacktrace:\n   #0 0x55cf4634302a <unknown>\n   #1 0x55cf460295e0 <unknown>\n   #2 0x55cf46078be8 <unknown>\n   #3 0x55cf46078e81 <unknown>\n   #4 0x55cf460bf8c4 <unknown>\n   #5 0x55cf4609db4d <unknown>\n   #6 0x55cf460bcd7d <unknown>\n   #7 0x55cf4609d8c3 <unknown>\n   #8 0x55cf4606b6b3 <unknown>\n   #9 0x55cf4606c68e <unknown>\n   #10 0x55cf4630da2b <unknown>\n   #11 0x55cf463119b1 <unknown>\n   #12 0x55cf462fa225 <unknown>\n   #13 0x55cf46312532 <unknown>\n   #14 0x55cf462df38f <unknown>\n   #15 0x55cf46331f28 <unknown>\n   #16 0x55cf463320f3 <unknown>\n   #17 0x55cf46341e7c <unknown>\n   #18 0x77492bc9ca94 <unknown>\n   #19 0x77492bd29c3c <unknown>\n", "test_name": "test_hotel_search", "rerun": "0"}}, "status": {"total_pass": 0, "total_skip": 0, "total_xpass": 0, "total_xfail": 0, "total_rerun": 0, "total_fail": 1, "total_error": 0}}}}, "date": "October 16, 2024", "start_time": 1729079795.8303301, "total_suite": 5, "status": "FAIL", "status_list": {"pass": "7", "fail": "2", "skip": "0", "error": "0", "xpass": "0", "xfail": "0", "rerun": "0"}, "total_tests": "9"}