{"content": {"suites": {"0": {"status": {"total_pass": 0, "total_skip": 0, "total_xpass": 0, "total_xfail": 0, "total_rerun": 0, "total_fail": 1, "total_error": 0}, "tests": {"0": {"status": "FAIL", "message": "   selenium.common.exceptions.TimeoutException: Message: \n   Stacktrace:\n   #0 0x5c02a454f02a <unknown>\n   #1 0x5c02a42355e0 <unknown>\n   #2 0x5c02a4284be8 <unknown>\n   #3 0x5c02a4284e81 <unknown>\n   #4 0x5c02a42cb8c4 <unknown>\n   #5 0x5c02a42a9b4d <unknown>\n   #6 0x5c02a42c8d7d <unknown>\n   #7 0x5c02a42a98c3 <unknown>\n   #8 0x5c02a42776b3 <unknown>\n   #9 0x5c02a427868e <unknown>\n   #10 0x5c02a4519a2b <unknown>\n   #11 0x5c02a451d9b1 <unknown>\n   #12 0x5c02a4506225 <unknown>\n   #13 0x5c02a451e532 <unknown>\n   #14 0x5c02a44eb38f <unknown>\n   #15 0x5c02a453df28 <unknown>\n   #16 0x5c02a453e0f3 <unknown>\n   #17 0x5c02a454de7c <unknown>\n   #18 0x7621fea9ca94 <unknown>\n   #19 0x7621feb29c3c <unknown>\n", "test_name": "test_Add_User_001", "rerun": "0"}}, "suite_name": "TestCases/test_Add_User.py"}, "1": {"suite_name": "TestCases/test_Login.py", "tests": {"0": {"status": "PASS", "message": "", "test_name": "test_PageTitle_001", "rerun": "0"}, "1": {"status": "PASS", "message": "", "test_name": "test_login_001", "rerun": "0"}}, "status": {"total_pass": 2, "total_skip": 0, "total_xpass": 0, "total_xfail": 0, "total_rerun": 0, "total_fail": 0, "total_error": 0}}, "2": {"suite_name": "TestCases/test_Login_DDT.py", "tests": {"0": {"status": "PASS", "message": "", "test_name": "test_login_ddt_001", "rerun": "0"}}, "status": {"total_pass": 1, "total_skip": 0, "total_xpass": 0, "total_xfail": 0, "total_rerun": 0, "total_fail": 0, "total_error": 0}}, "3": {"suite_name": "TestCases/test_Login_Params.py", "tests": {"0": {"status": "PASS", "message": "", "test_name": "test_login_param_001[getDataForLogin0]", "rerun": "0"}, "1": {"status": "PASS", "message": "", "test_name": "test_login_param_001[getDataForLogin1]", "rerun": "0"}, "2": {"status": "PASS", "message": "", "test_name": "test_login_param_001[getDataForLogin2]", "rerun": "0"}, "3": {"status": "PASS", "message": "", "test_name": "test_login_param_001[getDataForLogin3]", "rerun": "0"}}, "status": {"total_pass": 4, "total_skip": 0, "total_xpass": 0, "total_xfail": 0, "total_rerun": 0, "total_fail": 0, "total_error": 0}}, "4": {"suite_name": "TestCases/test_flight.py", "tests": {"0": {"status": "FAIL", "message": "   AttributeError: 'str' object has no attribute 'get'\n", "test_name": "test_flight", "rerun": "0"}}, "status": {"total_pass": 0, "total_skip": 0, "total_xpass": 0, "total_xfail": 0, "total_rerun": 0, "total_fail": 1, "total_error": 0}}, "5": {"suite_name": "TestCases/test_hotel_page.py", "tests": {"0": {"status": "FAIL", "message": "   selenium.common.exceptions.TimeoutException: Message: \n   Stacktrace:\n   #0 0x56a90f9b702a <unknown>\n   #1 0x56a90f69d5e0 <unknown>\n   #2 0x56a90f6ecbe8 <unknown>\n   #3 0x56a90f6ece81 <unknown>\n   #4 0x56a90f7338c4 <unknown>\n   #5 0x56a90f711b4d <unknown>\n   #6 0x56a90f730d7d <unknown>\n   #7 0x56a90f7118c3 <unknown>\n   #8 0x56a90f6df6b3 <unknown>\n   #9 0x56a90f6e068e <unknown>\n   #10 0x56a90f981a2b <unknown>\n   #11 0x56a90f9859b1 <unknown>\n   #12 0x56a90f96e225 <unknown>\n   #13 0x56a90f986532 <unknown>\n   #14 0x56a90f95338f <unknown>\n   #15 0x56a90f9a5f28 <unknown>\n   #16 0x56a90f9a60f3 <unknown>\n   #17 0x56a90f9b5e7c <unknown>\n   #18 0x762658a9ca94 <unknown>\n   #19 0x762658b29c3c <unknown>\n", "test_name": "test_hotel_search", "rerun": "0"}}, "status": {"total_pass": 0, "total_skip": 0, "total_xpass": 0, "total_xfail": 0, "total_rerun": 0, "total_fail": 1, "total_error": 0}}}}, "date": "October 16, 2024", "start_time": 1729073901.4270756, "total_suite": 6, "status": "FAIL", "status_list": {"pass": "7", "fail": "3", "skip": "0", "error": "0", "xpass": "0", "xfail": "0", "rerun": "0"}, "total_tests": "10"}