{"content": {"suites": {"0": {"status": {"total_pass": 0, "total_skip": 0, "total_xpass": 0, "total_xfail": 0, "total_rerun": 0, "total_fail": 1, "total_error": 0}, "tests": {"0": {"status": "FAIL", "message": "   selenium.common.exceptions.TimeoutException: Message: \n   Stacktrace:\n   #0 0x5c9101ae302a <unknown>\n   #1 0x5c91017c95e0 <unknown>\n   #2 0x5c9101818be8 <unknown>\n   #3 0x5c9101818e81 <unknown>\n   #4 0x5c910185f8c4 <unknown>\n   #5 0x5c910183db4d <unknown>\n   #6 0x5c910185cd7d <unknown>\n   #7 0x5c910183d8c3 <unknown>\n   #8 0x5c910180b6b3 <unknown>\n   #9 0x5c910180c68e <unknown>\n   #10 0x5c9101aada2b <unknown>\n   #11 0x5c9101ab19b1 <unknown>\n   #12 0x5c9101a9a225 <unknown>\n   #13 0x5c9101ab2532 <unknown>\n   #14 0x5c9101a7f38f <unknown>\n   #15 0x5c9101ad1f28 <unknown>\n   #16 0x5c9101ad20f3 <unknown>\n   #17 0x5c9101ae1e7c <unknown>\n   #18 0x774fac69ca94 <unknown>\n   #19 0x774fac729c3c <unknown>\n", "test_name": "test_Add_User_001", "rerun": "0"}}, "suite_name": "TestCases/test_Add_User.py"}, "1": {"suite_name": "TestCases/test_Login.py", "tests": {"0": {"status": "PASS", "message": "", "test_name": "test_PageTitle_001", "rerun": "0"}, "1": {"status": "PASS", "message": "", "test_name": "test_login_001", "rerun": "0"}}, "status": {"total_pass": 2, "total_skip": 0, "total_xpass": 0, "total_xfail": 0, "total_rerun": 0, "total_fail": 0, "total_error": 0}}, "2": {"suite_name": "TestCases/test_Login_DDT.py", "tests": {"0": {"status": "PASS", "message": "", "test_name": "test_login_ddt_001", "rerun": "0"}}, "status": {"total_pass": 1, "total_skip": 0, "total_xpass": 0, "total_xfail": 0, "total_rerun": 0, "total_fail": 0, "total_error": 0}}, "3": {"suite_name": "TestCases/test_Login_Params.py", "tests": {"0": {"status": "PASS", "message": "", "test_name": "test_login_param_001[getDataForLogin0]", "rerun": "0"}, "1": {"status": "PASS", "message": "", "test_name": "test_login_param_001[getDataForLogin1]", "rerun": "0"}, "2": {"status": "PASS", "message": "", "test_name": "test_login_param_001[getDataForLogin2]", "rerun": "0"}, "3": {"status": "PASS", "message": "", "test_name": "test_login_param_001[getDataForLogin3]", "rerun": "0"}}, "status": {"total_pass": 4, "total_skip": 0, "total_xpass": 0, "total_xfail": 0, "total_rerun": 0, "total_fail": 0, "total_error": 0}}, "4": {"suite_name": "TestCases/test_hotel_page.py", "tests": {"0": {"status": "FAIL", "message": "   selenium.common.exceptions.NoSuchElementException: Message: no such element: Unable to locate element: {\"method\":\"css selector\",\"selector\":\".select2-search__field\"}\n     (Session info: chrome=129.0.6668.70); For documentation on this error, please visit: https://www.selenium.dev/documentation/webdriver/troubleshooting/errors#no-such-element-exception\n   Stacktrace:\n   #0 0x580ea3e8e02a <unknown>\n   #1 0x580ea3b745e0 <unknown>\n   #2 0x580ea3bc3be8 <unknown>\n   #3 0x580ea3bc3e81 <unknown>\n   #4 0x580ea3c0a8c4 <unknown>\n   #5 0x580ea3be8b4d <unknown>\n   #6 0x580ea3c07d7d <unknown>\n   #7 0x580ea3be88c3 <unknown>\n   #8 0x580ea3bb66b3 <unknown>\n   #9 0x580ea3bb768e <unknown>\n   #10 0x580ea3e58a2b <unknown>\n   #11 0x580ea3e5c9b1 <unknown>\n   #12 0x580ea3e45225 <unknown>\n   #13 0x580ea3e5d532 <unknown>\n   #14 0x580ea3e2a38f <unknown>\n   #15 0x580ea3e7cf28 <unknown>\n   #16 0x580ea3e7d0f3 <unknown>\n   #17 0x580ea3e8ce7c <unknown>\n   #18 0x7c883689ca94 <unknown>\n   #19 0x7c8836929c3c <unknown>\n", "test_name": "test_hotel_search", "rerun": "0"}}, "status": {"total_pass": 0, "total_skip": 0, "total_xpass": 0, "total_xfail": 0, "total_rerun": 0, "total_fail": 1, "total_error": 0}}}}, "date": "October 16, 2024", "start_time": 1729080604.472228, "total_suite": 5, "status": "FAIL", "status_list": {"pass": "7", "fail": "2", "skip": "0", "error": "0", "xpass": "0", "xfail": "0", "rerun": "0"}, "total_tests": "9"}