{"content": {"suites": {"0": {"status": {"total_pass": 0, "total_skip": 0, "total_xpass": 0, "total_xfail": 0, "total_rerun": 0, "total_fail": 1, "total_error": 0}, "tests": {"0": {"status": "FAIL", "message": "   selenium.common.exceptions.TimeoutException: Message: \n   Stacktrace:\n   #0 0x5f889523c02a <unknown>\n   #1 0x5f8894f225e0 <unknown>\n   #2 0x5f8894f71be8 <unknown>\n   #3 0x5f8894f71e81 <unknown>\n   #4 0x5f8894fb88c4 <unknown>\n   #5 0x5f8894f96b4d <unknown>\n   #6 0x5f8894fb5d7d <unknown>\n   #7 0x5f8894f968c3 <unknown>\n   #8 0x5f8894f646b3 <unknown>\n   #9 0x5f8894f6568e <unknown>\n   #10 0x5f8895206a2b <unknown>\n   #11 0x5f889520a9b1 <unknown>\n   #12 0x5f88951f3225 <unknown>\n   #13 0x5f889520b532 <unknown>\n   #14 0x5f88951d838f <unknown>\n   #15 0x5f889522af28 <unknown>\n   #16 0x5f889522b0f3 <unknown>\n   #17 0x5f889523ae7c <unknown>\n   #18 0x7ab15469ca94 <unknown>\n   #19 0x7ab154729c3c <unknown>\n", "test_name": "test_Add_User_001", "rerun": "0"}}, "suite_name": "TestCases/test_Add_User.py"}, "1": {"suite_name": "TestCases/test_Login.py", "tests": {"0": {"status": "PASS", "message": "", "test_name": "test_PageTitle_001", "rerun": "0"}, "1": {"status": "PASS", "message": "", "test_name": "test_login_001", "rerun": "0"}}, "status": {"total_pass": 2, "total_skip": 0, "total_xpass": 0, "total_xfail": 0, "total_rerun": 0, "total_fail": 0, "total_error": 0}}, "2": {"suite_name": "TestCases/test_Login_DDT.py", "tests": {"0": {"status": "PASS", "message": "", "test_name": "test_login_ddt_001", "rerun": "0"}}, "status": {"total_pass": 1, "total_skip": 0, "total_xpass": 0, "total_xfail": 0, "total_rerun": 0, "total_fail": 0, "total_error": 0}}, "3": {"suite_name": "TestCases/test_Login_Params.py", "tests": {"0": {"status": "PASS", "message": "", "test_name": "test_login_param_001[getDataForLogin0]", "rerun": "0"}, "1": {"status": "PASS", "message": "", "test_name": "test_login_param_001[getDataForLogin1]", "rerun": "0"}, "2": {"status": "PASS", "message": "", "test_name": "test_login_param_001[getDataForLogin2]", "rerun": "0"}, "3": {"status": "PASS", "message": "", "test_name": "test_login_param_001[getDataForLogin3]", "rerun": "0"}}, "status": {"total_pass": 4, "total_skip": 0, "total_xpass": 0, "total_xfail": 0, "total_rerun": 0, "total_fail": 0, "total_error": 0}}, "4": {"suite_name": "TestCases/test_hotel_page.py", "tests": {"0": {"status": "FAIL", "message": "   selenium.common.exceptions.NoSuchElementException: Message: no such element: Unable to locate element: {\"method\":\"css selector\",\"selector\":\".select2-search__field\"}\n     (Session info: chrome=129.0.6668.70); For documentation on this error, please visit: https://www.selenium.dev/documentation/webdriver/troubleshooting/errors#no-such-element-exception\n   Stacktrace:\n   #0 0x5ce511fee02a <unknown>\n   #1 0x5ce511cd45e0 <unknown>\n   #2 0x5ce511d23be8 <unknown>\n   #3 0x5ce511d23e81 <unknown>\n   #4 0x5ce511d6a8c4 <unknown>\n   #5 0x5ce511d48b4d <unknown>\n   #6 0x5ce511d67d7d <unknown>\n   #7 0x5ce511d488c3 <unknown>\n   #8 0x5ce511d166b3 <unknown>\n   #9 0x5ce511d1768e <unknown>\n   #10 0x5ce511fb8a2b <unknown>\n   #11 0x5ce511fbc9b1 <unknown>\n   #12 0x5ce511fa5225 <unknown>\n   #13 0x5ce511fbd532 <unknown>\n   #14 0x5ce511f8a38f <unknown>\n   #15 0x5ce511fdcf28 <unknown>\n   #16 0x5ce511fdd0f3 <unknown>\n   #17 0x5ce511fece7c <unknown>\n   #18 0x7d1adae9ca94 <unknown>\n   #19 0x7d1adaf29c3c <unknown>\n", "test_name": "test_hotel_search", "rerun": "0"}}, "status": {"total_pass": 0, "total_skip": 0, "total_xpass": 0, "total_xfail": 0, "total_rerun": 0, "total_fail": 1, "total_error": 0}}}}, "date": "October 16, 2024", "start_time": 1729080291.0149162, "total_suite": 5, "status": "FAIL", "status_list": {"pass": "7", "fail": "2", "skip": "0", "error": "0", "xpass": "0", "xfail": "0", "rerun": "0"}, "total_tests": "9"}